[0;32m+ victor connected[0m
2020/09/13 10:48:08 [0;32m+ victor connected[0m

victor: ye,ye, n\ya, yum,yum
2020/09/13 10:48:22 victor: ye,ye, n\ya, yum,yum

victor: hello
2020/09/13 10:48:24 victor: hello

[0;32m+ daniel connected[0m
2020/09/13 10:49:48 [0;32m+ daniel connected[0m

daniel: i am the saint
2020/09/13 10:49:55 daniel: i am the saint

daniel: daniel the one
2020/09/13 10:50:02 daniel: daniel the one

daniel: young winner.
2020/09/13 10:50:09 daniel: young winner.

[0;32m+ victor connected[0m
2020/09/13 11:09:53 [0;32m+ victor connected[0m

victor: skdfjska
2020/09/13 11:09:54 victor: skdfjska

victor: sdfksalk;
2020/09/13 11:09:55 victor: sdfksalk;

victor: 12342143
2020/09/13 11:09:57 victor: 12342143

victor: 34555566
2020/09/13 11:09:59 victor: 34555566

victor: 445
2020/09/13 11:10:00 victor: 445

victor: hello
2020/09/13 11:10:02 victor: hello

[0;32m+ lambda connected[0m
2020/09/13 11:10:31 [0;32m+ lambda connected[0m

lambda: kaka
2020/09/13 11:10:35 lambda: kaka

lambda: yaya
2020/09/13 11:10:37 lambda: yaya

lambda: never!
2020/09/13 11:10:40 lambda: never!

[0;31m- lambda disconnected[0m
2020/09/13 11:10:45 [0;31m- lambda disconnected[0m

[0;31m- daniel disconnected[0m
2020/09/13 11:17:32 [0;31m- daniel disconnected[0m

[0;32m+ newman connected[0m
2020/09/13 12:10:21 [0;32m+ newman connected[0m

newman: dksfjkd
2020/09/13 12:10:26 newman: dksfjkd

newman: sdfsalfk
2020/09/13 12:10:27 newman: sdfsalfk

newman: sdfsa
2020/09/13 12:10:30 newman: sdfsa

newman: asdsadfsfsdfsdfsd
2020/09/13 12:10:34 newman: asdsadfsfsdfsdfsd

newman: dsafdsdafdsafasd
2020/09/13 12:10:38 newman: dsafdsdafdsafasd

[0;32m+ karmen connected[0m
2020/09/13 12:11:18 [0;32m+ karmen connected[0m

karmen: haha
2020/09/13 12:11:22 karmen: haha

karmen: es
2020/09/13 12:11:25 karmen: es

karmen: we do
2020/09/13 12:11:29 karmen: we do

karmen: jaja
2020/09/13 12:11:37 karmen: jaja

karmen: we do!
2020/09/13 12:11:46 karmen: we do!

[0;31m- karmen disconnected[0m
2020/09/13 12:11:49 [0;31m- karmen disconnected[0m

[0;32m+ sisi connected[0m
2020/09/13 12:18:56 [0;32m+ sisi connected[0m

sisi: we try it.
2020/09/13 12:19:06 sisi: we try it.

[0;32m+ angel connected[0m
2020/09/13 12:19:47 [0;32m+ angel connected[0m

angel: com,come
2020/09/13 12:19:54 angel: com,come

[0;31m- newman disconnected[0m
2020/09/13 12:22:45 [0;31m- newman disconnected[0m

